<?xml version="1.0" encoding="UTF-8"?>
<testsuite name="DeviceTest" tests="5" skipped="0" failures="0" errors="0" timestamp="2020-08-25T14:38:14" hostname="DESKTOP-L8DB3GN" time="0.006">
  <properties/>
  <testcase name="testDevicePolymorphism" classname="DeviceTest" time="0.001"/>
  <testcase name="testGateAND" classname="DeviceTest" time="0.001"/>
  <testcase name="testGateNOT" classname="DeviceTest" time="0.001"/>
  <testcase name="testIPinAndOPin" classname="DeviceTest" time="0.001"/>
  <testcase name="testGateOR" classname="DeviceTest" time="0.001"/>
  <system-out><![CDATA[]]></system-out>
  <system-err><![CDATA[]]></system-err>
</testsuite>
