<?xml version="1.0" encoding="UTF-8"?>
<testsuite name="LogicSimulatorTest" tests="2" skipped="0" failures="0" errors="0" timestamp="2020-08-27T09:39:33" hostname="DESKTOP-L8DB3GN" time="0.006">
  <properties/>
  <testcase name="testGetSimulationResult" classname="LogicSimulatorTest" time="0.004"/>
  <testcase name="testGetTruthTable" classname="LogicSimulatorTest" time="0.002"/>
  <system-out><![CDATA[re:false
re:false
re:false
re:false
re:false
re:true
re:true
re:false
re:false
]]></system-out>
  <system-err><![CDATA[]]></system-err>
</testsuite>
